20/04/24 11:47:13 WARN NativeCodeLoader: Unable to load native-hadoop library for your platform... using builtin-java classes where applicable
Using Spark's default log4j profile: org/apache/spark/log4j-defaults.properties
starting sscawaiting-------------------------------------------
Time: 1587743250000 ms
-------------------------------------------
(-16.9347833934237,0.0)
(106.052832752469,0.0)
(2.39793696059405,0.0)
(-85.8524862178667,0.0)
(81.1531552189683,0.0)
(148.055735294852,0.0)
(106.136151800824,0.0)
(200.747283770161,0.0)
(151.417657433164,0.0)
(53.3002037429671,0.0)

20/04/24 11:47:32 WARN BLAS: Failed to load implementation from: com.github.fommil.netlib.NativeSystemBLAS
20/04/24 11:47:32 WARN BLAS: Failed to load implementation from: com.github.fommil.netlib.NativeRefBLAS
-------------------------------------------
Time: 1587743250000 ms
-------------------------------------------
(0.00507505085820915,0.3825954135459309)

-------------------------------------------
Time: 1587743260000 ms
-------------------------------------------
(134.767472646764,17.261853879662574)
(52.0528561941893,9.5441326163148)
(88.3106443608669,19.423734154224558)
(97.6176491550677,23.46051944566325)
(67.5342819349935,27.04962333511304)
(168.494467948477,28.679642798765084)
(117.374151451935,31.036666248552976)
(80.5272425952493,11.495564368574275)
(124.944501043005,9.058187846634528)
(151.443097870265,16.24022196230319)

-------------------------------------------
Time: 1587743260000 ms
-------------------------------------------
(0.011253257657674407,0.6928188010409386)

-------------------------------------------
Time: 1587743270000 ms
-------------------------------------------
(-27.2483905584255,8.166546075191295)
(148.297580345631,32.63935340869058)
(125.433552442744,54.21588852661717)
(123.761737090605,31.42679925145318)
(170.121530044332,42.00720038346153)
(101.005808342782,20.063434577914435)
(256.036517816347,42.596155259834)
(102.495322448569,28.28801620443305)
(134.404633774683,26.45879164722928)
(54.7571121779903,10.272925868335035)

