Info: Including Hadoop libraries found via (/usr/local/bin/hadoop) for HDFS access
+ exec /Library/Java/JavaVirtualMachines/jdk1.8.0_231.jdk/Contents/Home/bin/java -Xmx20m -Dflume.root.logger=INFO,console -Xmx2g -cp '/usr/local/Cellar/flume/1.9.0/libexec/conf:/usr/local/Cellar/flume/1.9.0/libexec/lib/*:/usr/local/Cellar/hadoop/3.2.1/libexec/etc/hadoop:/usr/local/Cellar/hadoop/3.2.1/libexec/share/hadoop/common/lib/*:/usr/local/Cellar/hadoop/3.2.1/libexec/share/hadoop/common/*:/usr/local/Cellar/hadoop/3.2.1/libexec/share/hadoop/hdfs:/usr/local/Cellar/hadoop/3.2.1/libexec/share/hadoop/hdfs/lib/*:/usr/local/Cellar/hadoop/3.2.1/libexec/share/hadoop/hdfs/*:/usr/local/Cellar/hadoop/3.2.1/libexec/share/hadoop/mapreduce/lib/*:/usr/local/Cellar/hadoop/3.2.1/libexec/share/hadoop/mapreduce/*:/usr/local/Cellar/hadoop/3.2.1/libexec/share/hadoop/yarn:/usr/local/Cellar/hadoop/3.2.1/libexec/share/hadoop/yarn/lib/*:/usr/local/Cellar/hadoop/3.2.1/libexec/share/hadoop/yarn/*' -Djava.library.path=:/Users/skand/Library/Java/Extensions:/Library/Java/Extensions:/Network/Library/Java/Extensions:/System/Library/Java/Extensions:/usr/lib/java:. org.apache.flume.node.Application --conf-file ./flume-mysql-kafka.conf --name a1
SLF4J: Class path contains multiple SLF4J bindings.
SLF4J: Found binding in [jar:file:/usr/local/Cellar/flume/1.9.0/libexec/lib/slf4j-log4j12-1.7.25.jar!/org/slf4j/impl/StaticLoggerBinder.class]
SLF4J: Found binding in [jar:file:/usr/local/Cellar/hadoop/3.2.1/libexec/share/hadoop/common/lib/slf4j-log4j12-1.7.25.jar!/org/slf4j/impl/StaticLoggerBinder.class]
SLF4J: See http://www.slf4j.org/codes.html#multiple_bindings for an explanation.
SLF4J: Actual binding is of type [org.slf4j.impl.Log4jLoggerFactory]
2020-02-29 18:13:27,110 (lifecycleSupervisor-1-0) [INFO - org.apache.flume.node.PollingPropertiesFileConfigurationProvider.start(PollingPropertiesFileConfigurationProvider.java:62)] Configuration provider starting
2020-02-29 18:13:27,117 (conf-file-poller-0) [INFO - org.apache.flume.node.PollingPropertiesFileConfigurationProvider$FileWatcherRunnable.run(PollingPropertiesFileConfigurationProvider.java:138)] Reloading configuration file:./flume-mysql-kafka.conf
2020-02-29 18:13:27,129 (conf-file-poller-0) [INFO - org.apache.flume.conf.FlumeConfiguration$AgentConfiguration.addComponentConfig(FlumeConfiguration.java:1203)] Processing:k1
2020-02-29 18:13:27,130 (conf-file-poller-0) [INFO - org.apache.flume.conf.FlumeConfiguration$AgentConfiguration.addComponentConfig(FlumeConfiguration.java:1203)] Processing:r1
2020-02-29 18:13:27,130 (conf-file-poller-0) [INFO - org.apache.flume.conf.FlumeConfiguration$AgentConfiguration.addComponentConfig(FlumeConfiguration.java:1203)] Processing:r1
2020-02-29 18:13:27,130 (conf-file-poller-0) [INFO - org.apache.flume.conf.FlumeConfiguration$AgentConfiguration.addComponentConfig(FlumeConfiguration.java:1203)] Processing:r1
2020-02-29 18:13:27,130 (conf-file-poller-0) [INFO - org.apache.flume.conf.FlumeConfiguration$AgentConfiguration.addComponentConfig(FlumeConfiguration.java:1203)] Processing:r1
2020-02-29 18:13:27,131 (conf-file-poller-0) [INFO - org.apache.flume.conf.FlumeConfiguration$AgentConfiguration.addComponentConfig(FlumeConfiguration.java:1203)] Processing:k1
2020-02-29 18:13:27,131 (conf-file-poller-0) [INFO - org.apache.flume.conf.FlumeConfiguration$AgentConfiguration.addComponentConfig(FlumeConfiguration.java:1203)] Processing:k1
2020-02-29 18:13:27,131 (conf-file-poller-0) [INFO - org.apache.flume.conf.FlumeConfiguration$AgentConfiguration.addComponentConfig(FlumeConfiguration.java:1203)] Processing:r1
2020-02-29 18:13:27,131 (conf-file-poller-0) [INFO - org.apache.flume.conf.FlumeConfiguration$AgentConfiguration.addComponentConfig(FlumeConfiguration.java:1203)] Processing:r1
2020-02-29 18:13:27,131 (conf-file-poller-0) [INFO - org.apache.flume.conf.FlumeConfiguration$AgentConfiguration.addComponentConfig(FlumeConfiguration.java:1203)] Processing:k1
2020-02-29 18:13:27,132 (conf-file-poller-0) [INFO - org.apache.flume.conf.FlumeConfiguration$AgentConfiguration.addComponentConfig(FlumeConfiguration.java:1203)] Processing:r1
2020-02-29 18:13:27,132 (conf-file-poller-0) [INFO - org.apache.flume.conf.FlumeConfiguration$AgentConfiguration.addComponentConfig(FlumeConfiguration.java:1203)] Processing:r1
2020-02-29 18:13:27,132 (conf-file-poller-0) [INFO - org.apache.flume.conf.FlumeConfiguration$AgentConfiguration.addComponentConfig(FlumeConfiguration.java:1203)] Processing:r1
2020-02-29 18:13:27,132 (conf-file-poller-0) [INFO - org.apache.flume.conf.FlumeConfiguration$AgentConfiguration.addComponentConfig(FlumeConfiguration.java:1203)] Processing:c1
2020-02-29 18:13:27,134 (conf-file-poller-0) [INFO - org.apache.flume.conf.FlumeConfiguration$AgentConfiguration.addComponentConfig(FlumeConfiguration.java:1203)] Processing:r1
2020-02-29 18:13:27,134 (conf-file-poller-0) [INFO - org.apache.flume.conf.FlumeConfiguration$AgentConfiguration.addComponentConfig(FlumeConfiguration.java:1203)] Processing:c1
2020-02-29 18:13:27,134 (conf-file-poller-0) [INFO - org.apache.flume.conf.FlumeConfiguration$AgentConfiguration.addComponentConfig(FlumeConfiguration.java:1203)] Processing:k1
2020-02-29 18:13:27,134 (conf-file-poller-0) [INFO - org.apache.flume.conf.FlumeConfiguration$AgentConfiguration.addComponentConfig(FlumeConfiguration.java:1203)] Processing:r1
2020-02-29 18:13:27,134 (conf-file-poller-0) [INFO - org.apache.flume.conf.FlumeConfiguration$AgentConfiguration.addComponentConfig(FlumeConfiguration.java:1203)] Processing:r1
2020-02-29 18:13:27,135 (conf-file-poller-0) [INFO - org.apache.flume.conf.FlumeConfiguration$AgentConfiguration.addComponentConfig(FlumeConfiguration.java:1203)] Processing:k1
2020-02-29 18:13:27,135 (conf-file-poller-0) [INFO - org.apache.flume.conf.FlumeConfiguration$AgentConfiguration.addComponentConfig(FlumeConfiguration.java:1203)] Processing:c1
2020-02-29 18:13:27,135 (conf-file-poller-0) [INFO - org.apache.flume.conf.FlumeConfiguration$AgentConfiguration.addComponentConfig(FlumeConfiguration.java:1203)] Processing:r1
2020-02-29 18:13:27,135 (conf-file-poller-0) [INFO - org.apache.flume.conf.FlumeConfiguration$AgentConfiguration.addProperty(FlumeConfiguration.java:1117)] Added sinks: k1 Agent: a1
2020-02-29 18:13:27,135 (conf-file-poller-0) [INFO - org.apache.flume.conf.FlumeConfiguration$AgentConfiguration.addComponentConfig(FlumeConfiguration.java:1203)] Processing:r1
2020-02-29 18:13:27,135 (conf-file-poller-0) [INFO - org.apache.flume.conf.FlumeConfiguration$AgentConfiguration.addComponentConfig(FlumeConfiguration.java:1203)] Processing:r1
2020-02-29 18:13:27,135 (conf-file-poller-0) [INFO - org.apache.flume.conf.FlumeConfiguration$AgentConfiguration.addComponentConfig(FlumeConfiguration.java:1203)] Processing:k1
2020-02-29 18:13:27,136 (conf-file-poller-0) [INFO - org.apache.flume.conf.FlumeConfiguration$AgentConfiguration.addComponentConfig(FlumeConfiguration.java:1203)] Processing:r1
2020-02-29 18:13:27,136 (conf-file-poller-0) [INFO - org.apache.flume.conf.FlumeConfiguration$AgentConfiguration.addComponentConfig(FlumeConfiguration.java:1203)] Processing:r1
2020-02-29 18:13:27,136 (conf-file-poller-0) [INFO - org.apache.flume.conf.FlumeConfiguration$AgentConfiguration.addComponentConfig(FlumeConfiguration.java:1203)] Processing:r1
2020-02-29 18:13:27,137 (conf-file-poller-0) [INFO - org.apache.flume.conf.FlumeConfiguration$AgentConfiguration.addComponentConfig(FlumeConfiguration.java:1203)] Processing:r1
2020-02-29 18:13:27,137 (conf-file-poller-0) [INFO - org.apache.flume.conf.FlumeConfiguration$AgentConfiguration.addComponentConfig(FlumeConfiguration.java:1203)] Processing:r1
2020-02-29 18:13:27,137 (conf-file-poller-0) [INFO - org.apache.flume.conf.FlumeConfiguration$AgentConfiguration.addComponentConfig(FlumeConfiguration.java:1203)] Processing:k1
2020-02-29 18:13:27,137 (conf-file-poller-0) [WARN - org.apache.flume.conf.FlumeConfiguration$AgentConfiguration.validateConfigFilterSet(FlumeConfiguration.java:623)] Agent configuration for 'a1' has no configfilters.
2020-02-29 18:13:27,176 (conf-file-poller-0) [INFO - org.apache.flume.conf.FlumeConfiguration.validateConfiguration(FlumeConfiguration.java:163)] Post-validation flume configuration contains configuration for agents: [a1]
2020-02-29 18:13:27,176 (conf-file-poller-0) [INFO - org.apache.flume.node.AbstractConfigurationProvider.loadChannels(AbstractConfigurationProvider.java:151)] Creating channels
2020-02-29 18:13:27,188 (conf-file-poller-0) [INFO - org.apache.flume.channel.DefaultChannelFactory.create(DefaultChannelFactory.java:42)] Creating instance of channel c1 type memory
2020-02-29 18:13:27,195 (conf-file-poller-0) [INFO - org.apache.flume.node.AbstractConfigurationProvider.loadChannels(AbstractConfigurationProvider.java:205)] Created channel c1
2020-02-29 18:13:27,196 (conf-file-poller-0) [INFO - org.apache.flume.source.DefaultSourceFactory.create(DefaultSourceFactory.java:41)] Creating instance of source r1, type org.keedio.flume.source.SQLSource
2020-02-29 18:13:27,201 (conf-file-poller-0) [INFO - org.keedio.flume.source.SQLSource.configure(SQLSource.java:76)] Reading and processing configuration values for source r1
2020-02-29 18:13:27,432 (conf-file-poller-0) [INFO - org.hibernate.annotations.common.reflection.java.JavaReflectionManager.<clinit>(JavaReflectionManager.java:66)] HCANN000001: Hibernate Commons Annotations {4.0.5.Final}
2020-02-29 18:13:27,444 (conf-file-poller-0) [INFO - org.hibernate.Version.logVersion(Version.java:54)] HHH000412: Hibernate Core {4.3.10.Final}
2020-02-29 18:13:27,449 (conf-file-poller-0) [INFO - org.hibernate.cfg.Environment.<clinit>(Environment.java:239)] HHH000206: hibernate.properties not found
2020-02-29 18:13:27,452 (conf-file-poller-0) [INFO - org.hibernate.cfg.Environment.buildBytecodeProvider(Environment.java:346)] HHH000021: Bytecode provider name : javassist
2020-02-29 18:13:27,491 (conf-file-poller-0) [INFO - org.keedio.flume.source.HibernateHelper.establishSession(HibernateHelper.java:67)] Opening hibernate session
2020-02-29 18:13:27,659 (conf-file-poller-0) [INFO - org.hibernate.engine.jdbc.connections.internal.ConnectionProviderInitiator.instantiateExplicitConnectionProvider(ConnectionProviderInitiator.java:190)] HHH000130: Instantiating explicit connection provider: org.hibernate.connection.C3P0ConnectionProvider
2020-02-29 18:13:27,696 (conf-file-poller-0) [INFO - org.hibernate.c3p0.internal.C3P0ConnectionProvider.configure(C3P0ConnectionProvider.java:134)] HHH010002: C3P0 using driver: null at URL: jdbc:mysql://localhost:3306/ONLINE_LEARNING_DB?useSSL=false
2020-02-29 18:13:27,696 (conf-file-poller-0) [INFO - org.hibernate.c3p0.internal.C3P0ConnectionProvider.configure(C3P0ConnectionProvider.java:135)] HHH000046: Connection properties: {user=root, password=****, autocommit=true}
2020-02-29 18:13:27,697 (conf-file-poller-0) [INFO - org.hibernate.c3p0.internal.C3P0ConnectionProvider.configure(C3P0ConnectionProvider.java:138)] HHH000006: Autocommit mode: true
2020-02-29 18:13:27,697 (conf-file-poller-0) [WARN - org.hibernate.c3p0.internal.C3P0ConnectionProvider.configure(C3P0ConnectionProvider.java:141)] HHH000148: No JDBC Driver class was specified by property hibernate.connection.driver_class
2020-02-29 18:13:27,721 (conf-file-poller-0) [INFO - com.mchange.v2.log.MLog.<clinit>(MLog.java:92)] MLog clients using log4j logging.
2020-02-29 18:13:27,984 (conf-file-poller-0) [INFO - com.mchange.v2.c3p0.C3P0Registry.banner(C3P0Registry.java:216)] Initializing c3p0-0.9.2.1 [built 20-March-2013 10:47:27 +0000; debug? true; trace: 10]
2020-02-29 18:13:28,158 (conf-file-poller-0) [INFO - com.mchange.v2.c3p0.impl.AbstractPoolBackedDataSource.getPoolManager(AbstractPoolBackedDataSource.java:522)] Initializing c3p0 pool... com.mchange.v2.c3p0.PoolBackedDataSource@ad68fd87 [ connectionPoolDataSource -> com.mchange.v2.c3p0.WrapperConnectionPoolDataSource@6c9695a6 [ acquireIncrement -> 3, acquireRetryAttempts -> 30, acquireRetryDelay -> 1000, autoCommitOnClose -> false, automaticTestTable -> null, breakAfterAcquireFailure -> false, checkoutTimeout -> 0, connectionCustomizerClassName -> null, connectionTesterClassName -> com.mchange.v2.c3p0.impl.DefaultConnectionTester, debugUnreturnedConnectionStackTraces -> false, factoryClassLocation -> null, forceIgnoreUnresolvedTransactions -> false, identityToken -> 18fqp5ca814ullb61psd0dn|7a5efe6a, idleConnectionTestPeriod -> 0, initialPoolSize -> 1, maxAdministrativeTaskTime -> 0, maxConnectionAge -> 0, maxIdleTime -> 0, maxIdleTimeExcessConnections -> 0, maxPoolSize -> 100, maxStatements -> 0, maxStatementsPerConnection -> 0, minPoolSize -> 1, nestedDataSource -> com.mchange.v2.c3p0.DriverManagerDataSource@6023167e [ description -> null, driverClass -> null, factoryClassLocation -> null, identityToken -> 18fqp5ca814ullb61psd0dn|1801db06, jdbcUrl -> jdbc:mysql://localhost:3306/ONLINE_LEARNING_DB?useSSL=false, properties -> {user=******, password=******, autocommit=true} ], preferredTestQuery -> null, propertyCycle -> 0, statementCacheNumDeferredCloseThreads -> 0, testConnectionOnCheckin -> false, testConnectionOnCheckout -> false, unreturnedConnectionTimeout -> 0, usesTraditionalReflectiveProxies -> false; userOverrides: {} ], dataSourceName -> null, factoryClassLocation -> null, identityToken -> 18fqp5ca814ullb61psd0dn|797b0d24, numHelperThreads -> 3 ]
2020-02-29 18:13:28,926 (conf-file-poller-0) [INFO - org.hibernate.dialect.Dialect.<init>(Dialect.java:145)] HHH000400: Using dialect: org.hibernate.dialect.MySQL5Dialect
2020-02-29 18:13:28,944 (conf-file-poller-0) [INFO - org.hibernate.engine.jdbc.internal.LobCreatorBuilder.useContextualLobCreation(LobCreatorBuilder.java:123)] HHH000424: Disabling contextual LOB creation as createClob() method threw error : java.lang.reflect.InvocationTargetException
2020-02-29 18:13:29,016 (conf-file-poller-0) [INFO - org.hibernate.engine.transaction.internal.TransactionFactoryInitiator.initiateService(TransactionFactoryInitiator.java:62)] HHH000399: Using default transaction strategy (direct JDBC transactions)
2020-02-29 18:13:29,027 (conf-file-poller-0) [INFO - org.hibernate.hql.internal.ast.ASTQueryTranslatorFactory.<init>(ASTQueryTranslatorFactory.java:47)] HHH000397: Using ASTQueryTranslatorFactory
2020-02-29 18:13:29,230 (conf-file-poller-0) [INFO - org.apache.flume.sink.DefaultSinkFactory.create(DefaultSinkFactory.java:42)] Creating instance of sink: k1, type: org.apache.flume.sink.kafka.KafkaSink
2020-02-29 18:13:29,240 (conf-file-poller-0) [INFO - org.apache.flume.sink.kafka.KafkaSink.configure(KafkaSink.java:318)] Using the static topic online_learning_topic. This may be overridden by event headers
2020-02-29 18:13:29,249 (conf-file-poller-0) [INFO - org.apache.flume.node.AbstractConfigurationProvider.getConfiguration(AbstractConfigurationProvider.java:120)] Channel c1 connected to [r1, k1]
2020-02-29 18:13:29,258 (conf-file-poller-0) [INFO - org.apache.flume.node.Application.startAllComponents(Application.java:162)] Starting new configuration:{ sourceRunners:{r1=PollableSourceRunner: { source:org.keedio.flume.source.SQLSource{name:r1,state:IDLE} counterGroup:{ name:null counters:{} } }} sinkRunners:{k1=SinkRunner: { policy:org.apache.flume.sink.DefaultSinkProcessor@3982ef6a counterGroup:{ name:null counters:{} } }} channels:{c1=org.apache.flume.channel.MemoryChannel{name: c1}} }
2020-02-29 18:13:29,259 (conf-file-poller-0) [INFO - org.apache.flume.node.Application.startAllComponents(Application.java:169)] Starting Channel c1
2020-02-29 18:13:29,261 (lifecycleSupervisor-1-0) [INFO - org.apache.flume.instrumentation.MonitoredCounterGroup.register(MonitoredCounterGroup.java:119)] Monitored counter group for type: CHANNEL, name: c1: Successfully registered new MBean.
2020-02-29 18:13:29,261 (lifecycleSupervisor-1-0) [INFO - org.apache.flume.instrumentation.MonitoredCounterGroup.start(MonitoredCounterGroup.java:95)] Component type: CHANNEL, name: c1 started
2020-02-29 18:13:29,261 (conf-file-poller-0) [INFO - org.apache.flume.node.Application.startAllComponents(Application.java:196)] Starting Sink k1
2020-02-29 18:13:29,262 (conf-file-poller-0) [INFO - org.apache.flume.node.Application.startAllComponents(Application.java:207)] Starting Source r1
2020-02-29 18:13:29,262 (lifecycleSupervisor-1-0) [INFO - org.keedio.flume.source.SQLSource.start(SQLSource.java:133)] Starting sql source r1 ...
2020-02-29 18:13:29,263 (lifecycleSupervisor-1-0) [INFO - org.apache.flume.instrumentation.MonitoredCounterGroup.register(MonitoredCounterGroup.java:119)] Monitored counter group for type: SOURCE, name: SOURCESQL.r1: Successfully registered new MBean.
2020-02-29 18:13:29,263 (lifecycleSupervisor-1-0) [INFO - org.apache.flume.instrumentation.MonitoredCounterGroup.start(MonitoredCounterGroup.java:95)] Component type: SOURCE, name: SOURCESQL.r1 started
2020-02-29 18:13:29,322 (lifecycleSupervisor-1-1) [INFO - org.apache.kafka.common.config.AbstractConfig.logAll(AbstractConfig.java:279)] ProducerConfig values: 
	acks = 1
	batch.size = 16384
	bootstrap.servers = [localhost:9092]
	buffer.memory = 33554432
	client.id = 
	compression.type = snappy
	connections.max.idle.ms = 540000
	enable.idempotence = false
	interceptor.classes = []
	key.serializer = class org.apache.kafka.common.serialization.StringSerializer
	linger.ms = 1
	max.block.ms = 60000
	max.in.flight.requests.per.connection = 5
	max.request.size = 1048576
	metadata.max.age.ms = 300000
	metric.reporters = []
	metrics.num.samples = 2
	metrics.recording.level = INFO
	metrics.sample.window.ms = 30000
	partitioner.class = class org.apache.kafka.clients.producer.internals.DefaultPartitioner
	receive.buffer.bytes = 32768
	reconnect.backoff.max.ms = 1000
	reconnect.backoff.ms = 50
	request.timeout.ms = 30000
	retries = 0
	retry.backoff.ms = 100
	sasl.client.callback.handler.class = null
	sasl.jaas.config = null
	sasl.kerberos.kinit.cmd = /usr/bin/kinit
	sasl.kerberos.min.time.before.relogin = 60000
	sasl.kerberos.service.name = null
	sasl.kerberos.ticket.renew.jitter = 0.05
	sasl.kerberos.ticket.renew.window.factor = 0.8
	sasl.login.callback.handler.class = null
	sasl.login.class = null
	sasl.login.refresh.buffer.seconds = 300
	sasl.login.refresh.min.period.seconds = 60
	sasl.login.refresh.window.factor = 0.8
	sasl.login.refresh.window.jitter = 0.05
	sasl.mechanism = GSSAPI
	security.protocol = PLAINTEXT
	send.buffer.bytes = 131072
	ssl.cipher.suites = null
	ssl.enabled.protocols = [TLSv1.2, TLSv1.1, TLSv1]
	ssl.endpoint.identification.algorithm = https
	ssl.key.password = null
	ssl.keymanager.algorithm = SunX509
	ssl.keystore.location = null
	ssl.keystore.password = null
	ssl.keystore.type = JKS
	ssl.protocol = TLS
	ssl.provider = null
	ssl.secure.random.implementation = null
	ssl.trustmanager.algorithm = PKIX
	ssl.truststore.location = null
	ssl.truststore.password = null
	ssl.truststore.type = JKS
	transaction.timeout.ms = 60000
	transactional.id = null
	value.serializer = class org.apache.kafka.common.serialization.ByteArraySerializer

2020-02-29 18:13:29,463 (lifecycleSupervisor-1-1) [INFO - org.apache.kafka.common.utils.AppInfoParser$AppInfo.<init>(AppInfoParser.java:109)] Kafka version : 2.0.1
2020-02-29 18:13:29,463 (lifecycleSupervisor-1-1) [INFO - org.apache.kafka.common.utils.AppInfoParser$AppInfo.<init>(AppInfoParser.java:110)] Kafka commitId : fa14705e51bd2ce5
2020-02-29 18:13:29,465 (lifecycleSupervisor-1-1) [INFO - org.apache.flume.instrumentation.MonitoredCounterGroup.register(MonitoredCounterGroup.java:119)] Monitored counter group for type: SINK, name: k1: Successfully registered new MBean.
2020-02-29 18:13:29,465 (lifecycleSupervisor-1-1) [INFO - org.apache.flume.instrumentation.MonitoredCounterGroup.start(MonitoredCounterGroup.java:95)] Component type: SINK, name: k1 started
2020-02-29 18:13:40,087 (kafka-producer-network-thread | producer-1) [INFO - org.apache.kafka.clients.Metadata.update(Metadata.java:285)] Cluster ID: uZwPQXpmSwKOud6BNNBhBw
