[2020-04-24 23:33:22,723] INFO Reading configuration from: /usr/local/Cellar/kafka/2.4.1/libexec/config/zookeeper.properties (org.apache.zookeeper.server.quorum.QuorumPeerConfig)
[2020-04-24 23:33:22,741] INFO clientPortAddress is 0.0.0.0:2181 (org.apache.zookeeper.server.quorum.QuorumPeerConfig)
[2020-04-24 23:33:22,741] INFO secureClientPort is not set (org.apache.zookeeper.server.quorum.QuorumPeerConfig)
[2020-04-24 23:33:22,756] INFO autopurge.snapRetainCount set to 3 (org.apache.zookeeper.server.DatadirCleanupManager)
[2020-04-24 23:33:22,756] INFO autopurge.purgeInterval set to 0 (org.apache.zookeeper.server.DatadirCleanupManager)
[2020-04-24 23:33:22,756] INFO Purge task is not scheduled. (org.apache.zookeeper.server.DatadirCleanupManager)
[2020-04-24 23:33:22,757] WARN Either no config or no quorum defined in config, running  in standalone mode (org.apache.zookeeper.server.quorum.QuorumPeerMain)
[2020-04-24 23:33:22,770] INFO Log4j found with jmx enabled. (org.apache.zookeeper.jmx.ManagedUtil)
[2020-04-24 23:33:22,843] INFO Reading configuration from: /usr/local/Cellar/kafka/2.4.1/libexec/config/zookeeper.properties (org.apache.zookeeper.server.quorum.QuorumPeerConfig)
[2020-04-24 23:33:22,844] INFO clientPortAddress is 0.0.0.0:2181 (org.apache.zookeeper.server.quorum.QuorumPeerConfig)
[2020-04-24 23:33:22,844] INFO secureClientPort is not set (org.apache.zookeeper.server.quorum.QuorumPeerConfig)
[2020-04-24 23:33:22,845] INFO Starting server (org.apache.zookeeper.server.ZooKeeperServerMain)
[2020-04-24 23:33:22,853] INFO zookeeper.snapshot.trust.empty : false (org.apache.zookeeper.server.persistence.FileTxnSnapLog)
[2020-04-24 23:33:22,905] INFO Server environment:zookeeper.version=3.5.7-f0fdd52973d373ffd9c86b81d99842dc2c7f660e, built on 02/10/2020 11:30 GMT (org.apache.zookeeper.server.ZooKeeperServer)
[2020-04-24 23:33:22,906] INFO Server environment:host.name=skands-air (org.apache.zookeeper.server.ZooKeeperServer)
[2020-04-24 23:33:22,906] INFO Server environment:java.version=1.8.0_241 (org.apache.zookeeper.server.ZooKeeperServer)
[2020-04-24 23:33:22,906] INFO Server environment:java.vendor=Oracle Corporation (org.apache.zookeeper.server.ZooKeeperServer)
[2020-04-24 23:33:22,906] INFO Server environment:java.home=/Library/Java/JavaVirtualMachines/jdk1.8.0_241.jdk/Contents/Home/jre (org.apache.zookeeper.server.ZooKeeperServer)
[2020-04-24 23:33:22,906] INFO Server environment:java.class.path=/usr/local/Cellar/kafka/2.4.1/libexec/bin/../libs/activation-1.1.1.jar:/usr/local/Cellar/kafka/2.4.1/libexec/bin/../libs/aopalliance-repackaged-2.5.0.jar:/usr/local/Cellar/kafka/2.4.1/libexec/bin/../libs/argparse4j-0.7.0.jar:/usr/local/Cellar/kafka/2.4.1/libexec/bin/../libs/audience-annotations-0.5.0.jar:/usr/local/Cellar/kafka/2.4.1/libexec/bin/../libs/commons-cli-1.4.jar:/usr/local/Cellar/kafka/2.4.1/libexec/bin/../libs/commons-lang3-3.8.1.jar:/usr/local/Cellar/kafka/2.4.1/libexec/bin/../libs/connect-api-2.4.1.jar:/usr/local/Cellar/kafka/2.4.1/libexec/bin/../libs/connect-basic-auth-extension-2.4.1.jar:/usr/local/Cellar/kafka/2.4.1/libexec/bin/../libs/connect-file-2.4.1.jar:/usr/local/Cellar/kafka/2.4.1/libexec/bin/../libs/connect-json-2.4.1.jar:/usr/local/Cellar/kafka/2.4.1/libexec/bin/../libs/connect-mirror-2.4.1.jar:/usr/local/Cellar/kafka/2.4.1/libexec/bin/../libs/connect-mirror-client-2.4.1.jar:/usr/local/Cellar/kafka/2.4.1/libexec/bin/../libs/connect-runtime-2.4.1.jar:/usr/local/Cellar/kafka/2.4.1/libexec/bin/../libs/connect-transforms-2.4.1.jar:/usr/local/Cellar/kafka/2.4.1/libexec/bin/../libs/guava-20.0.jar:/usr/local/Cellar/kafka/2.4.1/libexec/bin/../libs/hk2-api-2.5.0.jar:/usr/local/Cellar/kafka/2.4.1/libexec/bin/../libs/hk2-locator-2.5.0.jar:/usr/local/Cellar/kafka/2.4.1/libexec/bin/../libs/hk2-utils-2.5.0.jar:/usr/local/Cellar/kafka/2.4.1/libexec/bin/../libs/jackson-annotations-2.10.0.jar:/usr/local/Cellar/kafka/2.4.1/libexec/bin/../libs/jackson-core-2.10.0.jar:/usr/local/Cellar/kafka/2.4.1/libexec/bin/../libs/jackson-databind-2.10.0.jar:/usr/local/Cellar/kafka/2.4.1/libexec/bin/../libs/jackson-dataformat-csv-2.10.0.jar:/usr/local/Cellar/kafka/2.4.1/libexec/bin/../libs/jackson-datatype-jdk8-2.10.0.jar:/usr/local/Cellar/kafka/2.4.1/libexec/bin/../libs/jackson-jaxrs-base-2.10.0.jar:/usr/local/Cellar/kafka/2.4.1/libexec/bin/../libs/jackson-jaxrs-json-provider-2.10.0.jar:/usr/local/Cellar/kafka/2.4.1/libexec/bin/../libs/jackson-module-jaxb-annotations-2.10.0.jar:/usr/local/Cellar/kafka/2.4.1/libexec/bin/../libs/jackson-module-paranamer-2.10.0.jar:/usr/local/Cellar/kafka/2.4.1/libexec/bin/../libs/jackson-module-scala_2.12-2.10.0.jar:/usr/local/Cellar/kafka/2.4.1/libexec/bin/../libs/jakarta.activation-api-1.2.1.jar:/usr/local/Cellar/kafka/2.4.1/libexec/bin/../libs/jakarta.annotation-api-1.3.4.jar:/usr/local/Cellar/kafka/2.4.1/libexec/bin/../libs/jakarta.inject-2.5.0.jar:/usr/local/Cellar/kafka/2.4.1/libexec/bin/../libs/jakarta.ws.rs-api-2.1.5.jar:/usr/local/Cellar/kafka/2.4.1/libexec/bin/../libs/jakarta.xml.bind-api-2.3.2.jar:/usr/local/Cellar/kafka/2.4.1/libexec/bin/../libs/javassist-3.22.0-CR2.jar:/usr/local/Cellar/kafka/2.4.1/libexec/bin/../libs/javax.servlet-api-3.1.0.jar:/usr/local/Cellar/kafka/2.4.1/libexec/bin/../libs/javax.ws.rs-api-2.1.1.jar:/usr/local/Cellar/kafka/2.4.1/libexec/bin/../libs/jaxb-api-2.3.0.jar:/usr/local/Cellar/kafka/2.4.1/libexec/bin/../libs/jersey-client-2.28.jar:/usr/local/Cellar/kafka/2.4.1/libexec/bin/../libs/jersey-common-2.28.jar:/usr/local/Cellar/kafka/2.4.1/libexec/bin/../libs/jersey-container-servlet-2.28.jar:/usr/local/Cellar/kafka/2.4.1/libexec/bin/../libs/jersey-container-servlet-core-2.28.jar:/usr/local/Cellar/kafka/2.4.1/libexec/bin/../libs/jersey-hk2-2.28.jar:/usr/local/Cellar/kafka/2.4.1/libexec/bin/../libs/jersey-media-jaxb-2.28.jar:/usr/local/Cellar/kafka/2.4.1/libexec/bin/../libs/jersey-server-2.28.jar:/usr/local/Cellar/kafka/2.4.1/libexec/bin/../libs/jetty-client-9.4.20.v20190813.jar:/usr/local/Cellar/kafka/2.4.1/libexec/bin/../libs/jetty-continuation-9.4.20.v20190813.jar:/usr/local/Cellar/kafka/2.4.1/libexec/bin/../libs/jetty-http-9.4.20.v20190813.jar:/usr/local/Cellar/kafka/2.4.1/libexec/bin/../libs/jetty-io-9.4.20.v20190813.jar:/usr/local/Cellar/kafka/2.4.1/libexec/bin/../libs/jetty-security-9.4.20.v20190813.jar:/usr/local/Cellar/kafka/2.4.1/libexec/bin/../libs/jetty-server-9.4.20.v20190813.jar:/usr/local/Cellar/kafka/2.4.1/libexec/bin/../libs/jetty-servlet-9.4.20.v20190813.jar:/usr/local/Cellar/kafka/2.4.1/libexec/bin/../libs/jetty-servlets-9.4.20.v20190813.jar:/usr/local/Cellar/kafka/2.4.1/libexec/bin/../libs/jetty-util-9.4.20.v20190813.jar:/usr/local/Cellar/kafka/2.4.1/libexec/bin/../libs/jopt-simple-5.0.4.jar:/usr/local/Cellar/kafka/2.4.1/libexec/bin/../libs/kafka-clients-2.4.1.jar:/usr/local/Cellar/kafka/2.4.1/libexec/bin/../libs/kafka-log4j-appender-2.4.1.jar:/usr/local/Cellar/kafka/2.4.1/libexec/bin/../libs/kafka-streams-2.4.1.jar:/usr/local/Cellar/kafka/2.4.1/libexec/bin/../libs/kafka-streams-examples-2.4.1.jar:/usr/local/Cellar/kafka/2.4.1/libexec/bin/../libs/kafka-streams-scala_2.12-2.4.1.jar:/usr/local/Cellar/kafka/2.4.1/libexec/bin/../libs/kafka-streams-test-utils-2.4.1.jar:/usr/local/Cellar/kafka/2.4.1/libexec/bin/../libs/kafka-tools-2.4.1.jar:/usr/local/Cellar/kafka/2.4.1/libexec/bin/../libs/kafka_2.12-2.4.1-sources.jar:/usr/local/Cellar/kafka/2.4.1/libexec/bin/../libs/kafka_2.12-2.4.1.jar:/usr/local/Cellar/kafka/2.4.1/libexec/bin/../libs/log4j-1.2.17.jar:/usr/local/Cellar/kafka/2.4.1/libexec/bin/../libs/lz4-java-1.6.0.jar:/usr/local/Cellar/kafka/2.4.1/libexec/bin/../libs/maven-artifact-3.6.1.jar:/usr/local/Cellar/kafka/2.4.1/libexec/bin/../libs/metrics-core-2.2.0.jar:/usr/local/Cellar/kafka/2.4.1/libexec/bin/../libs/netty-buffer-4.1.45.Final.jar:/usr/local/Cellar/kafka/2.4.1/libexec/bin/../libs/netty-codec-4.1.45.Final.jar:/usr/local/Cellar/kafka/2.4.1/libexec/bin/../libs/netty-common-4.1.45.Final.jar:/usr/local/Cellar/kafka/2.4.1/libexec/bin/../libs/netty-handler-4.1.45.Final.jar:/usr/local/Cellar/kafka/2.4.1/libexec/bin/../libs/netty-resolver-4.1.45.Final.jar:/usr/local/Cellar/kafka/2.4.1/libexec/bin/../libs/netty-transport-4.1.45.Final.jar:/usr/local/Cellar/kafka/2.4.1/libexec/bin/../libs/netty-transport-native-epoll-4.1.45.Final.jar:/usr/local/Cellar/kafka/2.4.1/libexec/bin/../libs/netty-transport-native-unix-common-4.1.45.Final.jar:/usr/local/Cellar/kafka/2.4.1/libexec/bin/../libs/osgi-resource-locator-1.0.1.jar:/usr/local/Cellar/kafka/2.4.1/libexec/bin/../libs/paranamer-2.8.jar:/usr/local/Cellar/kafka/2.4.1/libexec/bin/../libs/plexus-utils-3.2.0.jar:/usr/local/Cellar/kafka/2.4.1/libexec/bin/../libs/reflections-0.9.11.jar:/usr/local/Cellar/kafka/2.4.1/libexec/bin/../libs/rocksdbjni-5.18.3.jar:/usr/local/Cellar/kafka/2.4.1/libexec/bin/../libs/scala-collection-compat_2.12-2.1.2.jar:/usr/local/Cellar/kafka/2.4.1/libexec/bin/../libs/scala-java8-compat_2.12-0.9.0.jar:/usr/local/Cellar/kafka/2.4.1/libexec/bin/../libs/scala-library-2.12.10.jar:/usr/local/Cellar/kafka/2.4.1/libexec/bin/../libs/scala-logging_2.12-3.9.2.jar:/usr/local/Cellar/kafka/2.4.1/libexec/bin/../libs/scala-reflect-2.12.10.jar:/usr/local/Cellar/kafka/2.4.1/libexec/bin/../libs/slf4j-api-1.7.28.jar:/usr/local/Cellar/kafka/2.4.1/libexec/bin/../libs/slf4j-log4j12-1.7.28.jar:/usr/local/Cellar/kafka/2.4.1/libexec/bin/../libs/snappy-java-1.1.7.3.jar:/usr/local/Cellar/kafka/2.4.1/libexec/bin/../libs/validation-api-2.0.1.Final.jar:/usr/local/Cellar/kafka/2.4.1/libexec/bin/../libs/zookeeper-3.5.7.jar:/usr/local/Cellar/kafka/2.4.1/libexec/bin/../libs/zookeeper-jute-3.5.7.jar:/usr/local/Cellar/kafka/2.4.1/libexec/bin/../libs/zstd-jni-1.4.3-1.jar (org.apache.zookeeper.server.ZooKeeperServer)
[2020-04-24 23:33:22,951] INFO Server environment:java.library.path=/Users/skandupmanyu/Library/Java/Extensions:/Library/Java/Extensions:/Network/Library/Java/Extensions:/System/Library/Java/Extensions:/usr/lib/java:. (org.apache.zookeeper.server.ZooKeeperServer)
[2020-04-24 23:33:22,951] INFO Server environment:java.io.tmpdir=/var/folders/7d/j2q54ts54dd6fcx1sz6tvqgm0000gn/T/ (org.apache.zookeeper.server.ZooKeeperServer)
[2020-04-24 23:33:22,951] INFO Server environment:java.compiler=<NA> (org.apache.zookeeper.server.ZooKeeperServer)
[2020-04-24 23:33:22,951] INFO Server environment:os.name=Mac OS X (org.apache.zookeeper.server.ZooKeeperServer)
[2020-04-24 23:33:22,951] INFO Server environment:os.arch=x86_64 (org.apache.zookeeper.server.ZooKeeperServer)
[2020-04-24 23:33:22,951] INFO Server environment:os.version=10.15.4 (org.apache.zookeeper.server.ZooKeeperServer)
[2020-04-24 23:33:22,951] INFO Server environment:user.name=skandupmanyu (org.apache.zookeeper.server.ZooKeeperServer)
[2020-04-24 23:33:22,952] INFO Server environment:user.home=/Users/skandupmanyu (org.apache.zookeeper.server.ZooKeeperServer)
[2020-04-24 23:33:22,952] INFO Server environment:user.dir=/Users/skandupmanyu/Desktop/Stuff/Analytics/Hadoop/OnlineLearning (org.apache.zookeeper.server.ZooKeeperServer)
[2020-04-24 23:33:22,952] INFO Server environment:os.memory.free=497MB (org.apache.zookeeper.server.ZooKeeperServer)
[2020-04-24 23:33:22,952] INFO Server environment:os.memory.max=512MB (org.apache.zookeeper.server.ZooKeeperServer)
[2020-04-24 23:33:22,952] INFO Server environment:os.memory.total=512MB (org.apache.zookeeper.server.ZooKeeperServer)
[2020-04-24 23:33:22,958] INFO minSessionTimeout set to 6000 (org.apache.zookeeper.server.ZooKeeperServer)
[2020-04-24 23:33:22,958] INFO maxSessionTimeout set to 60000 (org.apache.zookeeper.server.ZooKeeperServer)
[2020-04-24 23:33:22,960] INFO Created server with tickTime 3000 minSessionTimeout 6000 maxSessionTimeout 60000 datadir /usr/local/var/lib/zookeeper/version-2 snapdir /usr/local/var/lib/zookeeper/version-2 (org.apache.zookeeper.server.ZooKeeperServer)
[2020-04-24 23:33:22,997] INFO Using org.apache.zookeeper.server.NIOServerCnxnFactory as server connection factory (org.apache.zookeeper.server.ServerCnxnFactory)
[2020-04-24 23:33:23,008] INFO Configuring NIO connection handler with 10s sessionless connection timeout, 1 selector thread(s), 8 worker threads, and 64 kB direct buffers. (org.apache.zookeeper.server.NIOServerCnxnFactory)
[2020-04-24 23:33:23,070] INFO binding to port 0.0.0.0/0.0.0.0:2181 (org.apache.zookeeper.server.NIOServerCnxnFactory)
[2020-04-24 23:33:23,188] INFO zookeeper.snapshotSizeFactor = 0.33 (org.apache.zookeeper.server.ZKDatabase)
[2020-04-24 23:33:23,206] INFO Reading snapshot /usr/local/var/lib/zookeeper/version-2/snapshot.145 (org.apache.zookeeper.server.persistence.FileSnap)
[2020-04-24 23:33:23,283] INFO Snapshotting: 0x162 to /usr/local/var/lib/zookeeper/version-2/snapshot.162 (org.apache.zookeeper.server.persistence.FileTxnSnapLog)
[2020-04-24 23:33:23,339] INFO Using checkIntervalMs=60000 maxPerMinute=10000 (org.apache.zookeeper.server.ContainerManager)
[2020-04-24 23:33:25,259] INFO Creating new log file: log.163 (org.apache.zookeeper.server.persistence.FileTxnLog)
[2020-04-24 23:33:30,636] INFO Expiring session 0x10057105ed60000, timeout of 6000ms exceeded (org.apache.zookeeper.server.ZooKeeperServer)
[2020-04-25 07:47:52,245] INFO Expiring session 0x1005765ba770000, timeout of 6000ms exceeded (org.apache.zookeeper.server.ZooKeeperServer)
[2020-04-25 07:47:52,653] WARN Unable to read additional data from client sessionid 0x1005765ba770000, likely client has closed socket (org.apache.zookeeper.server.NIOServerCnxn)
[2020-04-25 07:47:54,108] INFO Invalid session 0x1005765ba770000 for client /0:0:0:0:0:0:0:1:53372, probably expired (org.apache.zookeeper.server.ZooKeeperServer)
[2020-04-25 12:27:00,404] WARN Unable to read additional data from client sessionid 0x1005765ba770001, likely client has closed socket (org.apache.zookeeper.server.NIOServerCnxn)
[2020-04-25 12:27:00,775] INFO Expiring session 0x1005765ba770001, timeout of 6000ms exceeded (org.apache.zookeeper.server.ZooKeeperServer)
[2020-04-25 12:27:01,965] INFO Invalid session 0x1005765ba770001 for client /0:0:0:0:0:0:0:1:53540, probably expired (org.apache.zookeeper.server.ZooKeeperServer)
[2020-04-26 07:05:47,619] INFO Expiring session 0x1005765ba770002, timeout of 6000ms exceeded (org.apache.zookeeper.server.ZooKeeperServer)
[2020-04-26 07:05:47,990] WARN Unable to read additional data from client sessionid 0x1005765ba770002, likely client has closed socket (org.apache.zookeeper.server.NIOServerCnxn)
[2020-04-26 07:05:50,553] INFO Invalid session 0x1005765ba770002 for client /127.0.0.1:58902, probably expired (org.apache.zookeeper.server.ZooKeeperServer)
[2020-04-26 12:45:03,053] WARN Unable to read additional data from client sessionid 0x1005765ba770003, likely client has closed socket (org.apache.zookeeper.server.NIOServerCnxn)
[2020-04-26 12:45:04,210] INFO Expiring session 0x1005765ba770003, timeout of 6000ms exceeded (org.apache.zookeeper.server.ZooKeeperServer)
[2020-04-26 12:45:04,937] INFO Invalid session 0x1005765ba770003 for client /127.0.0.1:58985, probably expired (org.apache.zookeeper.server.ZooKeeperServer)
[2020-04-26 22:09:34,427] WARN Unable to read additional data from client sessionid 0x1005765ba770004, likely client has closed socket (org.apache.zookeeper.server.NIOServerCnxn)
[2020-04-26 22:09:39,573] INFO Expiring session 0x1005765ba770004, timeout of 6000ms exceeded (org.apache.zookeeper.server.ZooKeeperServer)
